<?xml version="1.0" encoding="UTF-8"?>
<!-- Generated by org.testng.reporters.JUnitXMLReporter -->
<testsuite hostname="LAPTOP-ADF0UDSS" ignored="0" name="Regression Test" tests="2" failures="0" timestamp="2022-12-11T19:05:33 GMT" time="26.205" errors="0">
  <testcase name="userShouldNavigateToLoginPageSuccessfully" time="2.591" classname="com.ultimateqa.testsuite.SignInPageTest"/>
  <testcase name="verifyTheErrorMessage" time="4.797" classname="com.ultimateqa.testsuite.SignInPageTest"/>
</testsuite> <!-- Regression Test -->
